============================================================
GOLD MACRO OPTIMIZATION: 1H TIMEFRAME
============================================================
Fetching 1h data for PAXG/USDT for the last 180 days...
Fetching macro context (DXY, VIX) via yfinance...
Successfully saved 4324 candles to data_storage\PAXG_USDT_1h.csv
Loading raw data from data_storage\PAXG_USDT_1h.csv...
Saved 0 static processed features to data_storage\PAXG_USDT_1h_static.csv
Data Base: 0 hours | Train: 0 | Val: 0
Loading static precomputed features into RAM...

[Trial #0] Arch: 3L 346H, relu | Feat: ATR16 RSI15 Hor12 Thresh2.21
============================================================
GOLD MACRO OPTIMIZATION: 1H TIMEFRAME
============================================================
Fetching 1h data for PAXG/USDT for the last 1000 days...
Loading existing data from data_storage\PAXG_USDT_1h.csv to resume fetching...
Resuming fetch from 2026-04-04 06:00:00
No new data fetched.
Loading raw data from data_storage\PAXG_USDT_1h.csv...
Saved 0 static processed features to data_storage\PAXG_USDT_1h_static.csv
Data Base: 0 hours | Train: 0 | Val: 0
Loading static precomputed features into RAM...

[Trial #1] Arch: 2L 320H, relu | Feat: ATR20 RSI11 Hor9 Thresh2.13
============================================================
GOLD MACRO OPTIMIZATION: 1H TIMEFRAME
============================================================
Fetching 1h data for PAXG/USDT for the last 1000 days...
Fetching macro context (DXY, VIX) via yfinance...
Successfully saved 24004 candles to data_storage\PAXG_USDT_1h.csv
Loading raw data from data_storage\PAXG_USDT_1h.csv...
Saved 0 static processed features to data_storage\PAXG_USDT_1h_static.csv
Data Base: 0 hours | Train: 0 | Val: 0
Loading static precomputed features into RAM...

[Trial #2] Arch: 4L 368H, leaky_relu | Feat: ATR16 RSI18 Hor4 Thresh1.34
============================================================
GOLD MACRO OPTIMIZATION: 1H TIMEFRAME
============================================================
Fetching 1h data for PAXG/USDT for the last 1000 days...
Loading existing data from data_storage\PAXG_USDT_1h.csv to resume fetching...
Resuming fetch from 2026-04-04 06:00:00
No new data fetched.
Loading raw data from data_storage\PAXG_USDT_1h.csv...
Saved 0 static processed features to data_storage\PAXG_USDT_1h_static.csv
Data Base: 0 hours | Train: 0 | Val: 0
Loading static precomputed features into RAM...

[Trial #3] Arch: 3L 287H, relu | Feat: ATR18 RSI21 Hor15 Thresh1.33
