============================================================
OPTUNA BAYESIAN SEARCH FOR SHORT ONLY MODEL (DYNAMIC TP/SL)
============================================================

Fetching 365 days of 15m PAXG/USDT data...
Fetching 15m data for PAXG/USDT for the last 365 days...
Loading existing data from data_storage\PAXG_USDT_15m.csv to resume fetching...
Resuming fetch from 2026-04-03 16:00:00
============================================================
OPTUNA BAYESIAN SEARCH FOR SHORT ONLY MODEL (DYNAMIC TP/SL)
============================================================

Fetching 365 days of 15m PAXG/USDT data...
Fetching 15m data for PAXG/USDT for the last 365 days...
Loading existing data from data_storage\PAXG_USDT_15m.csv to resume fetching...
Resuming fetch from 2026-04-03 16:00:00
No new data fetched.
Generating base multi-timeframe features...
Loading data from data_storage\PAXG_USDT_15m.csv...
Computing 15m indicators...
Computing 1h indicators...
Computing 4h indicators...
Computing microstructure features...
Labeling with Triple Barrier (TP=1.5%, SL=0.75%, MaxBars=16, mode=short)...
Normalizing features (train-only statistics)...
Saved 34257 samples to data_storage\PAXG_USDT_15m_short_processed.csv
Target distribution: {0: 33149, 1: 1108} (3.2% positive)

Data size -> Train: 23979 | Val: 5139 | Test: 5139
Device: cuda

============================================================
COMMENCING BAYESIAN SEARCH (DYNAMIC TARGETING)
============================================================


[Trial #0] TP=1.00%, SL=2.00%, Bars=8 | seq=128, hidden=64, layers=1, heads=4, drop=0.22, lr=0.00080, batch=256, epochs=21, class_w=5.1
Loading engineered dataset from data_storage\PAXG_USDT_15m_short_processed.csv...
Dataset: 34129 sequences of length 128, 41 features.
  Val -> AvgROI: -3.0% | WorstFold: -97.4% | Sharpe: 1.78 | MaxDD: -14.7% | Trades: 70 | W/L: 31/39
  REJECTED: Max Drawdown of -14.7% exceeded -7.0% limit

[Trial #1] TP=0.60%, SL=1.20%, Bars=16 | seq=48, hidden=64, layers=2, heads=4, drop=0.37, lr=0.00029, batch=128, epochs=35, class_w=5.1
Loading engineered dataset from data_storage\PAXG_USDT_15m_short_processed.csv...
Dataset: 34209 sequences of length 48, 41 features.
  Val -> AvgROI: -80.4% | WorstFold: -98.2% | Sharpe: -14.10 | MaxDD: -13.7% | Trades: 99 | W/L: 39/60
  REJECTED: Max Drawdown of -13.7% exceeded -7.0% limit

[Trial #2] TP=2.00%, SL=2.00%, Bars=12 | seq=96, hidden=128, layers=3, heads=4, drop=0.18, lr=0.00010, batch=64, epochs=30, class_w=2.3
Loading engineered dataset from data_storage\PAXG_USDT_15m_short_processed.csv...
Dataset: 34161 sequences of length 96, 41 features.
  Val -> AvgROI: -9.0% | WorstFold: -26.9% | Sharpe: -0.85 | MaxDD: -1.9% | Trades: 5 | W/L: 1/4
  REJECTED: Only 5 trades (need 30+)

[Trial #3] TP=1.00%, SL=0.60%, Bars=8 | seq=96, hidden=256, layers=2, heads=2, drop=0.27, lr=0.00011, batch=256, epochs=18, class_w=4.0
Loading engineered dataset from data_storage\PAXG_USDT_15m_short_processed.csv...
Dataset: 34161 sequences of length 96, 41 features.
  Val -> AvgROI: -30.5% | WorstFold: -91.5% | Sharpe: -4.84 | MaxDD: -8.6% | Trades: 50 | W/L: 16/34
  REJECTED: Max Drawdown of -8.6% exceeded -7.0% limit

[Trial #4] TP=2.00%, SL=0.80%, Bars=12 | seq=48, hidden=256, layers=2, heads=4, drop=0.14, lr=0.00022, batch=256, epochs=10, class_w=4.0
Loading engineered dataset from data_storage\PAXG_USDT_15m_short_processed.csv...
Dataset: 34209 sequences of length 48, 41 features.
  Val -> AvgROI: -3.7% | WorstFold: -11.0% | Sharpe: -0.12 | MaxDD: -4.1% | Trades: 21 | W/L: 9/12
  REJECTED: Only 21 trades (need 30+)

[Trial #5] TP=1.00%, SL=0.60%, Bars=16 | seq=64, hidden=64, layers=1, heads=2, drop=0.21, lr=0.00220, batch=256, epochs=35, class_w=3.0
Loading engineered dataset from data_storage\PAXG_USDT_15m_short_processed.csv...
Dataset: 34193 sequences of length 64, 41 features.
  Val -> AvgROI: -10.1% | WorstFold: -75.9% | Sharpe: 2.18 | MaxDD: -5.1% | Trades: 35 | W/L: 15/20

[Trial #6] TP=1.60%, SL=1.60%, Bars=12 | seq=64, hidden=256, layers=1, heads=8, drop=0.17, lr=0.00105, batch=128, epochs=18, class_w=2.5
Loading engineered dataset from data_storage\PAXG_USDT_15m_short_processed.csv...
Dataset: 34193 sequences of length 64, 41 features.

[Trial #7] TP=2.00%, SL=1.80%, Bars=16 | seq=96, hidden=256, layers=3, heads=2, drop=0.13, lr=0.00017, batch=64, epochs=12, class_w=4.7
Loading engineered dataset from data_storage\PAXG_USDT_15m_short_processed.csv...
Dataset: 34161 sequences of length 96, 41 features.

[Trial #8] TP=0.40%, SL=0.40%, Bars=32 | seq=64, hidden=64, layers=1, heads=2, drop=0.45, lr=0.00271, batch=256, epochs=28, class_w=3.1
Loading engineered dataset from data_storage\PAXG_USDT_15m_short_processed.csv...
Dataset: 34193 sequences of length 64, 41 features.
  Val -> AvgROI: -69.9% | WorstFold: -83.3% | Sharpe: -14.28 | MaxDD: -6.5% | Trades: 64 | W/L: 28/36

[Trial #9] TP=1.40%, SL=1.00%, Bars=24 | seq=32, hidden=128, layers=1, heads=8, drop=0.32, lr=0.00271, batch=256, epochs=35, class_w=3.1
Loading engineered dataset from data_storage\PAXG_USDT_15m_short_processed.csv...
Dataset: 34225 sequences of length 32, 41 features.
  Val -> AvgROI: -54.3% | WorstFold: -87.4% | Sharpe: -5.12 | MaxDD: -8.0% | Trades: 41 | W/L: 14/27
  REJECTED: Max Drawdown of -8.0% exceeded -7.0% limit

[Trial #10] TP=0.80%, SL=0.40%, Bars=16 | seq=64, hidden=64, layers=1, heads=2, drop=0.47, lr=0.00135, batch=64, epochs=27, class_w=6.0
Loading engineered dataset from data_storage\PAXG_USDT_15m_short_processed.csv...
Dataset: 34193 sequences of length 64, 41 features.
  Val -> AvgROI: -38.0% | WorstFold: -98.7% | Sharpe: -10.04 | MaxDD: -14.7% | Trades: 73 | W/L: 20/53
  REJECTED: Max Drawdown of -14.7% exceeded -7.0% limit

[Trial #11] TP=0.40%, SL=0.40%, Bars=32 | seq=64, hidden=64, layers=1, heads=2, drop=0.50, lr=0.00245, batch=256, epochs=30, class_w=3.2
Loading engineered dataset from data_storage\PAXG_USDT_15m_short_processed.csv...
Dataset: 34193 sequences of length 64, 41 features.
  Val -> AvgROI: -66.2% | WorstFold: -84.1% | Sharpe: -12.13 | MaxDD: -6.7% | Trades: 72 | W/L: 35/37

[Trial #12] TP=0.40%, SL=0.80%, Bars=32 | seq=64, hidden=64, layers=1, heads=2, drop=0.38, lr=0.00174, batch=256, epochs=31, class_w=3.2
Loading engineered dataset from data_storage\PAXG_USDT_15m_short_processed.csv...
Dataset: 34193 sequences of length 64, 41 features.
  Val -> AvgROI: -74.4% | WorstFold: -79.4% | Sharpe: -11.09 | MaxDD: -6.5% | Trades: 71 | W/L: 39/32

[Trial #13] TP=1.20%, SL=0.40%, Bars=32 | seq=64, hidden=64, layers=2, heads=2, drop=0.25, lr=0.00055, batch=256, epochs=24, class_w=3.5
Loading engineered dataset from data_storage\PAXG_USDT_15m_short_processed.csv...
Dataset: 34193 sequences of length 64, 41 features.
  Val -> AvgROI: -39.0% | WorstFold: -73.3% | Sharpe: -9.53 | MaxDD: -7.5% | Trades: 25 | W/L: 5/20
  REJECTED: Only 25 trades (need 30+)

[Trial #14] TP=0.80%, SL=1.40%, Bars=24 | seq=32, hidden=64, layers=1, heads=2, drop=0.42, lr=0.00194, batch=256, epochs=32, class_w=2.1
Loading engineered dataset from data_storage\PAXG_USDT_15m_short_processed.csv...
Dataset: 34225 sequences of length 32, 41 features.
  Val -> AvgROI: -61.3% | WorstFold: -90.0% | Sharpe: -6.68 | MaxDD: -8.4% | Trades: 61 | W/L: 28/33
  REJECTED: Max Drawdown of -8.4% exceeded -7.0% limit

[Trial #15] TP=1.60%, SL=0.80%, Bars=32 | seq=128, hidden=64, layers=2, heads=2, drop=0.10, lr=0.00070, batch=128, epochs=33, class_w=2.7
Loading engineered dataset from data_storage\PAXG_USDT_15m_short_processed.csv...
Dataset: 34129 sequences of length 128, 41 features.

[Trial #16] TP=0.60%, SL=0.60%, Bars=16 | seq=64, hidden=128, layers=1, heads=8, drop=0.49, lr=0.00037, batch=256, epochs=24, class_w=3.6
Loading engineered dataset from data_storage\PAXG_USDT_15m_short_processed.csv...
Dataset: 34193 sequences of length 64, 41 features.
  Val -> AvgROI: -83.3% | WorstFold: -97.9% | Sharpe: -16.07 | MaxDD: -13.2% | Trades: 108 | W/L: 37/71
  REJECTED: Max Drawdown of -13.2% exceeded -7.0% limit

[Trial #17] TP=1.20%, SL=1.20%, Bars=16 | seq=64, hidden=64, layers=3, heads=2, drop=0.30, lr=0.00169, batch=256, epochs=28, class_w=3.6
Loading engineered dataset from data_storage\PAXG_USDT_15m_short_processed.csv...
Dataset: 34193 sequences of length 64, 41 features.

[Trial #18] TP=0.60%, SL=0.60%, Bars=32 | seq=64, hidden=64, layers=1, heads=2, drop=0.22, lr=0.00111, batch=64, epochs=35, class_w=2.7
============================================================
OPTUNA BAYESIAN SEARCH FOR SHORT ONLY MODEL (DYNAMIC TP/SL)
============================================================

Fetching 365 days of 15m PAXG/USDT data...
Fetching 15m data for PAXG/USDT for the last 365 days...
Loading existing data from data_storage\PAXG_USDT_15m.csv to resume fetching...
Resuming fetch from 2026-04-03 16:00:00
No new data fetched.
Generating base multi-timeframe features...
Loading data from data_storage\PAXG_USDT_15m.csv...
Computing 15m indicators...
Computing 1h indicators...
Computing 4h indicators...
Computing microstructure features...
Labeling with Triple Barrier (TP=1.5%, SL=0.75%, MaxBars=16, mode=short)...
Normalizing features (train-only statistics)...
Saved 34257 samples to data_storage\PAXG_USDT_15m_short_processed.csv
Target distribution: {0: 33149, 1: 1108} (3.2% positive)

Data size -> Train: 23979 | Val: 5139 | Test: 5139
Device: cuda

============================================================
COMMENCING BAYESIAN SEARCH (DYNAMIC TARGETING)
============================================================


[Trial #0] TP=1.20%, SL=0.80%, Bars=32 | seq=48, hidden=256, layers=2, heads=8, drop=0.31, lr=0.00014, batch=64, epochs=14, class_w=4.1

[Trial #1] TP=2.00%, SL=1.60%, Bars=12 | seq=48, hidden=256, layers=3, heads=8, drop=0.39, lr=0.00171, batch=64, epochs=35, class_w=3.8

[Trial #2] TP=0.80%, SL=2.00%, Bars=8 | seq=64, hidden=128, layers=1, heads=2, drop=0.14, lr=0.00036, batch=256, epochs=10, class_w=5.6
Loading engineered dataset from data_storage\PAXG_USDT_15m_short_processed.csv...
Loading engineered dataset from data_storage\PAXG_USDT_15m_short_processed.csv...
Loading engineered dataset from data_storage\PAXG_USDT_15m_short_processed.csv...
Dataset: 34209 sequences of length 48, 41 features.
Dataset: 34193 sequences of length 64, 41 features.
Dataset: 34209 sequences of length 48, 41 features.
  Val -> AvgROI: -60.3% | WorstFold: -88.8% | Sharpe: -6.59 | MaxDD: -7.7% | Trades: 114 | W/L: 47/67
  REJECTED: Max Drawdown of -7.7% exceeded -7.0% limit

[Trial #3] TP=0.60%, SL=1.40%, Bars=12 | seq=64, hidden=256, layers=2, heads=8, drop=0.15, lr=0.00234, batch=64, epochs=31, class_w=4.7
Loading engineered dataset from data_storage\PAXG_USDT_15m_short_processed.csv...
Dataset: 34193 sequences of length 64, 41 features.
  Val -> AvgROI: -9.2% | WorstFold: -59.4% | Sharpe: -1.76 | MaxDD: -5.2% | Trades: 16 | W/L: 7/9
  REJECTED: Only 16 trades (need 30+)

[Trial #4] TP=0.80%, SL=1.00%, Bars=16 | seq=96, hidden=128, layers=2, heads=2, drop=0.43, lr=0.00107, batch=64, epochs=12, class_w=3.1
Loading engineered dataset from data_storage\PAXG_USDT_15m_short_processed.csv...
Dataset: 34161 sequences of length 96, 41 features.
  Val -> AvgROI: -56.5% | WorstFold: -88.7% | Sharpe: -7.58 | MaxDD: -10.9% | Trades: 60 | W/L: 26/34
  REJECTED: Max Drawdown of -10.9% exceeded -7.0% limit

[Trial #5] TP=0.60%, SL=0.60%, Bars=16 | seq=32, hidden=64, layers=2, heads=8, drop=0.38, lr=0.00023, batch=128, epochs=23, class_w=3.5
Loading engineered dataset from data_storage\PAXG_USDT_15m_short_processed.csv...
Dataset: 34225 sequences of length 32, 41 features.
  Val -> AvgROI: 0.0% | WorstFold: 0.0% | Sharpe: 0.00 | MaxDD: 0.0% | Trades: 0 | W/L: 0/0
  REJECTED: Only 0 trades (need 30+)

[Trial #6] TP=2.00%, SL=1.80%, Bars=32 | seq=96, hidden=64, layers=1, heads=2, drop=0.21, lr=0.00063, batch=64, epochs=19, class_w=5.8
Loading engineered dataset from data_storage\PAXG_USDT_15m_short_processed.csv...
Dataset: 34161 sequences of length 96, 41 features.
  Val -> AvgROI: -81.9% | WorstFold: -96.1% | Sharpe: -14.67 | MaxDD: -11.4% | Trades: 115 | W/L: 44/71
  REJECTED: Max Drawdown of -11.4% exceeded -7.0% limit

[Trial #7] TP=1.40%, SL=1.20%, Bars=24 | seq=32, hidden=128, layers=3, heads=4, drop=0.48, lr=0.00205, batch=256, epochs=29, class_w=2.2
Loading engineered dataset from data_storage\PAXG_USDT_15m_short_processed.csv...
Dataset: 34225 sequences of length 32, 41 features.

[Trial #8] TP=1.80%, SL=1.80%, Bars=32 | seq=48, hidden=64, layers=2, heads=2, drop=0.21, lr=0.00135, batch=64, epochs=32, class_w=4.1
Loading engineered dataset from data_storage\PAXG_USDT_15m_short_processed.csv...
Dataset: 34209 sequences of length 48, 41 features.

[Trial #9] TP=0.80%, SL=0.80%, Bars=16 | seq=64, hidden=256, layers=1, heads=4, drop=0.14, lr=0.00012, batch=128, epochs=24, class_w=2.8
Loading engineered dataset from data_storage\PAXG_USDT_15m_short_processed.csv...
Dataset: 34193 sequences of length 64, 41 features.
  Val -> AvgROI: -95.3% | WorstFold: -99.8% | Sharpe: -20.72 | MaxDD: -20.0% | Trades: 150 | W/L: 54/96
  REJECTED: Max Drawdown of -20.0% exceeded -7.0% limit

[Trial #10] TP=1.40%, SL=0.40%, Bars=32 | seq=48, hidden=256, layers=3, heads=4, drop=0.28, lr=0.00010, batch=128, epochs=17, class_w=4.7
Loading engineered dataset from data_storage\PAXG_USDT_15m_short_processed.csv...
Dataset: 34209 sequences of length 48, 41 features.

[Trial #11] TP=1.40%, SL=0.40%, Bars=32 | seq=128, hidden=256, layers=3, heads=8, drop=0.28, lr=0.00011, batch=64, epochs=16, class_w=4.8
Loading engineered dataset from data_storage\PAXG_USDT_15m_short_processed.csv...
Dataset: 34129 sequences of length 128, 41 features.

[Trial #12] TP=1.20%, SL=1.00%, Bars=32 | seq=128, hidden=256, layers=2, heads=8, drop=0.30, lr=0.00022, batch=64, epochs=14, class_w=4.9
Loading engineered dataset from data_storage\PAXG_USDT_15m_short_processed.csv...
Dataset: 34129 sequences of length 128, 41 features.

[Trial #13] TP=1.20%, SL=1.40%, Bars=12 | seq=128, hidden=256, layers=3, heads=8, drop=0.34, lr=0.00068, batch=64, epochs=15, class_w=4.1
Loading engineered dataset from data_storage\PAXG_USDT_15m_short_processed.csv...
Dataset: 34129 sequences of length 128, 41 features.

[Trial #14] TP=1.80%, SL=1.40%, Bars=12 | seq=48, hidden=256, layers=3, heads=8, drop=0.35, lr=0.00063, batch=64, epochs=27, class_w=4.0
Loading engineered dataset from data_storage\PAXG_USDT_15m_short_processed.csv...
Dataset: 34209 sequences of length 48, 41 features.

[Trial #15] TP=1.80%, SL=1.60%, Bars=12 | seq=48, hidden=256, layers=2, heads=8, drop=0.34, lr=0.00029, batch=64, epochs=35, class_w=3.4
Loading engineered dataset from data_storage\PAXG_USDT_15m_short_processed.csv...
Dataset: 34209 sequences of length 48, 41 features.

[Trial #16] TP=1.20%, SL=1.00%, Bars=24 | seq=48, hidden=256, layers=2, heads=8, drop=0.44, lr=0.00026, batch=64, epochs=35, class_w=3.4
Loading engineered dataset from data_storage\PAXG_USDT_15m_short_processed.csv...
Dataset: 34209 sequences of length 48, 41 features.

[Trial #17] TP=1.20%, SL=1.00%, Bars=24 | seq=48, hidden=256, layers=2, heads=8, drop=0.43, lr=0.00019, batch=256, epochs=20, class_w=5.3
Loading engineered dataset from data_storage\PAXG_USDT_15m_short_processed.csv...
Dataset: 34209 sequences of length 48, 41 features.

[Trial #18] TP=1.00%, SL=0.80%, Bars=8 | seq=48, hidden=256, layers=3, heads=8, drop=0.24, lr=0.00118, batch=256, epochs=20, class_w=2.5
Loading engineered dataset from data_storage\PAXG_USDT_15m_short_processed.csv...
Dataset: 34209 sequences of length 48, 41 features.

[Trial #19] TP=1.60%, SL=1.00%, Bars=12 | seq=48, hidden=256, layers=1, heads=8, drop=0.40, lr=0.00017, batch=64, epochs=26, class_w=4.5
Loading engineered dataset from data_storage\PAXG_USDT_15m_short_processed.csv...
Dataset: 34209 sequences of length 48, 41 features.
  Val -> AvgROI: -24.8% | WorstFold: -61.7% | Sharpe: -1.82 | MaxDD: -5.2% | Trades: 23 | W/L: 10/13
  REJECTED: Only 23 trades (need 30+)

[Trial #20] TP=1.60%, SL=2.00%, Bars=12 | seq=48, hidden=64, layers=1, heads=8, drop=0.39, lr=0.00044, batch=64, epochs=26, class_w=4.4
Loading engineered dataset from data_storage\PAXG_USDT_15m_short_processed.csv...
Dataset: 34209 sequences of length 48, 41 features.
  Val -> AvgROI: 90.0% | WorstFold: -14.3% | Sharpe: 3.98 | MaxDD: -1.2% | Trades: 10 | W/L: 7/3
  REJECTED: Only 10 trades (need 30+)

[Trial #21] TP=1.60%, SL=2.00%, Bars=12 | seq=48, hidden=128, layers=1, heads=4, drop=0.39, lr=0.00300, batch=128, epochs=25, class_w=3.8
Loading engineered dataset from data_storage\PAXG_USDT_15m_short_processed.csv...
Dataset: 34209 sequences of length 48, 41 features.

[Trial #22] TP=0.40%, SL=1.60%, Bars=8 | seq=96, hidden=128, layers=3, heads=4, drop=0.48, lr=0.00042, batch=128, epochs=10, class_w=3.8
Loading engineered dataset from data_storage\PAXG_USDT_15m_short_processed.csv...
Dataset: 34161 sequences of length 96, 41 features.

[Trial #23] TP=0.80%, SL=2.00%, Bars=8 | seq=64, hidden=128, layers=1, heads=2, drop=0.10, lr=0.00040, batch=256, epochs=10, class_w=5.8
Loading engineered dataset from data_storage\PAXG_USDT_15m_short_processed.csv...
Dataset: 34193 sequences of length 64, 41 features.

[Trial #24] TP=0.40%, SL=1.80%, Bars=8 | seq=64, hidden=128, layers=1, heads=2, drop=0.24, lr=0.00039, batch=256, epochs=11, class_w=5.3
Loading engineered dataset from data_storage\PAXG_USDT_15m_short_processed.csv...
Dataset: 34193 sequences of length 64, 41 features.

[Trial #25] TP=0.40%, SL=1.60%, Bars=8 | seq=64, hidden=128, layers=3, heads=2, drop=0.25, lr=0.00090, batch=256, epochs=10, class_w=5.3
Loading engineered dataset from data_storage\PAXG_USDT_15m_short_processed.csv...
Dataset: 34193 sequences of length 64, 41 features.
  Val -> AvgROI: -92.4% | WorstFold: -99.9% | Sharpe: -20.84 | MaxDD: -23.8% | Trades: 199 | W/L: 94/105
  REJECTED: Max Drawdown of -23.8% exceeded -7.0% limit

[Trial #26] TP=1.00%, SL=1.80%, Bars=8 | seq=64, hidden=128, layers=1, heads=2, drop=0.25, lr=0.00095, batch=256, epochs=13, class_w=5.6
Loading engineered dataset from data_storage\PAXG_USDT_15m_short_processed.csv...
Dataset: 34193 sequences of length 64, 41 features.
  Val -> AvgROI: -93.5% | WorstFold: -99.9% | Sharpe: -21.93 | MaxDD: -24.0% | Trades: 235 | W/L: 103/132
  REJECTED: Max Drawdown of -24.0% exceeded -7.0% limit

[Trial #27] TP=1.00%, SL=1.80%, Bars=8 | seq=64, hidden=128, layers=1, heads=2, drop=0.32, lr=0.00014, batch=256, epochs=12, class_w=5.3
Loading engineered dataset from data_storage\PAXG_USDT_15m_short_processed.csv...
Dataset: 34193 sequences of length 64, 41 features.

[Trial #28] TP=1.00%, SL=1.20%, Bars=8 | seq=64, hidden=128, layers=2, heads=2, drop=0.32, lr=0.00015, batch=256, epochs=18, class_w=5.2
Loading engineered dataset from data_storage\PAXG_USDT_15m_short_processed.csv...
Dataset: 34193 sequences of length 64, 41 features.
  Val -> AvgROI: -84.7% | WorstFold: -97.6% | Sharpe: -16.15 | MaxDD: -12.8% | Trades: 176 | W/L: 89/87
  REJECTED: Max Drawdown of -12.8% exceeded -7.0% limit

[Trial #29] TP=1.00%, SL=1.20%, Bars=32 | seq=32, hidden=256, layers=2, heads=2, drop=0.33, lr=0.00016, batch=256, epochs=17, class_w=2.9
Loading engineered dataset from data_storage\PAXG_USDT_15m_short_processed.csv...
Dataset: 34225 sequences of length 32, 41 features.

[Trial #30] TP=2.00%, SL=1.20%, Bars=32 | seq=32, hidden=64, layers=2, heads=2, drop=0.19, lr=0.00167, batch=256, epochs=17, class_w=2.9
Loading engineered dataset from data_storage\PAXG_USDT_15m_short_processed.csv...
Dataset: 34225 sequences of length 32, 41 features.

[Trial #31] TP=0.60%, SL=1.20%, Bars=32 | seq=32, hidden=256, layers=2, heads=8, drop=0.17, lr=0.00184, batch=64, epochs=22, class_w=3.1
Loading engineered dataset from data_storage\PAXG_USDT_15m_short_processed.csv...
Dataset: 34225 sequences of length 32, 41 features.

[Trial #32] TP=0.60%, SL=0.60%, Bars=32 | seq=96, hidden=256, layers=3, heads=8, drop=0.18, lr=0.00032, batch=64, epochs=32, class_w=3.7
Loading engineered dataset from data_storage\PAXG_USDT_15m_short_processed.csv...
Dataset: 34161 sequences of length 96, 41 features.
  Val -> AvgROI: -37.0% | WorstFold: -60.0% | Sharpe: -2.92 | MaxDD: -7.5% | Trades: 32 | W/L: 15/17
  REJECTED: Max Drawdown of -7.5% exceeded -7.0% limit

[Trial #33] TP=0.60%, SL=1.40%, Bars=12 | seq=64, hidden=256, layers=2, heads=8, drop=0.16, lr=0.00296, batch=64, epochs=32, class_w=4.5
Loading engineered dataset from data_storage\PAXG_USDT_15m_short_processed.csv...
Dataset: 34193 sequences of length 64, 41 features.
