============================================================
OPTUNA BAYESIAN SEARCH FOR SHORT ONLY MODEL (DYNAMIC TP/SL)
============================================================

Fetching 90 days of 15m PAXG/USDT data...
Fetching 15m data for PAXG/USDT for the last 90 days...
Loading existing data from data_storage\PAXG_USDT_15m.csv to resume fetching...
Resuming fetch from 2026-04-03 16:00:00
Successfully saved 35108 candles to data_storage\PAXG_USDT_15m.csv
Generating base multi-timeframe features...
Loading data from data_storage\PAXG_USDT_15m.csv...
Computing 15m indicators...
Computing 1h indicators...
Computing 4h indicators...
Computing microstructure features...
Labeling with Triple Barrier (TP=0.5%, SL=0.20%, MaxBars=16, mode=long)...
Normalizing features (train-only statistics)...
Saved 34309 samples to data_storage\PAXG_USDT_15m_processed.csv
Target distribution: {0: 29127, 1: 5182} (15.1% positive)

Data size -> Train: 24016 | Val: 5146 | Test: 5147
Device: cuda

============================================================
COMMENCING BAYESIAN SEARCH (DYNAMIC TARGETING)
============================================================


[Trial #0] TP=0.50%, SL=0.20%, Bars=16 | seq=48, hidden=256, layers=2, heads=8, drop=0.43, lr=0.00021, batch=4096, epochs=23, class_w=3.7
Loading engineered dataset from data_storage\PAXG_USDT_15m_processed.csv...
Dataset: 34261 sequences of length 48, 41 features.
  Val -> AvgROI: -88.5% | WorstFold: -96.8% | Sharpe: -25.76 | MaxDD: -12.8% | Trades: 138 | W/L: 36/102
  REJECTED: Max Drawdown of -12.8% exceeded -7.0% limit

[Trial #1] TP=0.50%, SL=0.20%, Bars=16 | seq=48, hidden=128, layers=2, heads=8, drop=0.17, lr=0.00012, batch=2048, epochs=17, class_w=2.4
Loading engineered dataset from data_storage\PAXG_USDT_15m_processed.csv...
Dataset: 34261 sequences of length 48, 41 features.
  Val -> AvgROI: -61.1% | WorstFold: -82.1% | Sharpe: -20.39 | MaxDD: -6.1% | Trades: 44 | W/L: 9/35

[Trial #2] TP=0.50%, SL=0.20%, Bars=16 | seq=32, hidden=64, layers=1, heads=4, drop=0.49, lr=0.00140, batch=1024, epochs=33, class_w=2.4
Loading engineered dataset from data_storage\PAXG_USDT_15m_processed.csv...
Dataset: 34277 sequences of length 32, 41 features.
  Val -> AvgROI: -56.1% | WorstFold: -88.4% | Sharpe: -9.63 | MaxDD: -8.1% | Trades: 109 | W/L: 43/66
  REJECTED: Max Drawdown of -8.1% exceeded -7.0% limit

[Trial #3] TP=0.50%, SL=0.20%, Bars=16 | seq=96, hidden=64, layers=2, heads=4, drop=0.49, lr=0.00138, batch=4096, epochs=28, class_w=4.9
Loading engineered dataset from data_storage\PAXG_USDT_15m_processed.csv...
Dataset: 34213 sequences of length 96, 41 features.
  Val -> AvgROI: -84.3% | WorstFold: -91.2% | Sharpe: -19.20 | MaxDD: -8.5% | Trades: 130 | W/L: 40/90
  REJECTED: Max Drawdown of -8.5% exceeded -7.0% limit

[Trial #4] TP=0.50%, SL=0.20%, Bars=16 | seq=128, hidden=64, layers=1, heads=4, drop=0.45, lr=0.00050, batch=4096, epochs=24, class_w=5.1
Loading engineered dataset from data_storage\PAXG_USDT_15m_processed.csv...
Dataset: 34181 sequences of length 128, 41 features.
  Val -> AvgROI: -90.2% | WorstFold: -99.1% | Sharpe: -25.17 | MaxDD: -15.8% | Trades: 178 | W/L: 52/126
  REJECTED: Max Drawdown of -15.8% exceeded -7.0% limit

[Trial #5] TP=0.50%, SL=0.20%, Bars=16 | seq=48, hidden=128, layers=2, heads=2, drop=0.40, lr=0.00022, batch=2048, epochs=34, class_w=5.2
Loading engineered dataset from data_storage\PAXG_USDT_15m_processed.csv...
Dataset: 34261 sequences of length 48, 41 features.
  Val -> AvgROI: -87.4% | WorstFold: -90.3% | Sharpe: -19.34 | MaxDD: -8.6% | Trades: 145 | W/L: 45/100
  REJECTED: Max Drawdown of -8.6% exceeded -7.0% limit

[Trial #6] TP=0.50%, SL=0.20%, Bars=16 | seq=128, hidden=256, layers=1, heads=8, drop=0.43, lr=0.00187, batch=2048, epochs=15, class_w=2.5
Loading engineered dataset from data_storage\PAXG_USDT_15m_processed.csv...
Dataset: 34181 sequences of length 128, 41 features.
  Val -> AvgROI: -75.6% | WorstFold: -98.8% | Sharpe: -20.29 | MaxDD: -15.4% | Trades: 136 | W/L: 38/98
  REJECTED: Max Drawdown of -15.4% exceeded -7.0% limit

[Trial #7] TP=0.50%, SL=0.20%, Bars=16 | seq=48, hidden=128, layers=1, heads=2, drop=0.11, lr=0.00080, batch=1024, epochs=33, class_w=3.0
Loading engineered dataset from data_storage\PAXG_USDT_15m_processed.csv...
Dataset: 34261 sequences of length 48, 41 features.
  Val -> AvgROI: -60.6% | WorstFold: -89.4% | Sharpe: -10.91 | MaxDD: -8.5% | Trades: 110 | W/L: 43/67
  REJECTED: Max Drawdown of -8.5% exceeded -7.0% limit

[Trial #8] TP=0.50%, SL=0.20%, Bars=16 | seq=64, hidden=128, layers=3, heads=8, drop=0.16, lr=0.00011, batch=2048, epochs=10, class_w=3.7
Loading engineered dataset from data_storage\PAXG_USDT_15m_processed.csv...
Dataset: 34245 sequences of length 64, 41 features.
  Val -> AvgROI: -85.0% | WorstFold: -97.8% | Sharpe: -25.52 | MaxDD: -14.6% | Trades: 123 | W/L: 29/94
  REJECTED: Max Drawdown of -14.6% exceeded -7.0% limit

[Trial #9] TP=0.50%, SL=0.20%, Bars=16 | seq=32, hidden=128, layers=3, heads=8, drop=0.24, lr=0.00011, batch=2048, epochs=18, class_w=5.9
Loading engineered dataset from data_storage\PAXG_USDT_15m_processed.csv...
Dataset: 34277 sequences of length 32, 41 features.
  Val -> AvgROI: -93.9% | WorstFold: -98.5% | Sharpe: -26.40 | MaxDD: -14.9% | Trades: 174 | W/L: 48/126
  REJECTED: Max Drawdown of -14.9% exceeded -7.0% limit

[Trial #10] TP=0.50%, SL=0.20%, Bars=16 | seq=96, hidden=128, layers=3, heads=8, drop=0.29, lr=0.00036, batch=2048, epochs=17, class_w=2.0
Loading engineered dataset from data_storage\PAXG_USDT_15m_processed.csv...
Dataset: 34213 sequences of length 96, 41 features.

[Trial #11] TP=0.50%, SL=0.20%, Bars=16 | seq=48, hidden=256, layers=2, heads=8, drop=0.32, lr=0.00021, batch=4096, epochs=23, class_w=3.4
Loading engineered dataset from data_storage\PAXG_USDT_15m_processed.csv...
Dataset: 34261 sequences of length 48, 41 features.
  Val -> AvgROI: -86.4% | WorstFold: -95.0% | Sharpe: -21.26 | MaxDD: -10.7% | Trades: 136 | W/L: 38/98
  REJECTED: Max Drawdown of -10.7% exceeded -7.0% limit

[Trial #12] TP=0.50%, SL=0.20%, Bars=16 | seq=48, hidden=256, layers=2, heads=8, drop=0.36, lr=0.00023, batch=4096, epochs=20, class_w=4.5
Loading engineered dataset from data_storage\PAXG_USDT_15m_processed.csv...
Dataset: 34261 sequences of length 48, 41 features.
  Val -> AvgROI: -86.4% | WorstFold: -97.1% | Sharpe: -22.32 | MaxDD: -12.9% | Trades: 143 | W/L: 42/101
  REJECTED: Max Drawdown of -12.9% exceeded -7.0% limit

[Trial #13] TP=0.50%, SL=0.20%, Bars=16 | seq=48, hidden=256, layers=2, heads=8, drop=0.20, lr=0.00015, batch=4096, epochs=13, class_w=2.9
Loading engineered dataset from data_storage\PAXG_USDT_15m_processed.csv...
Dataset: 34261 sequences of length 48, 41 features.
  Val -> AvgROI: -77.7% | WorstFold: -87.3% | Sharpe: -18.43 | MaxDD: -7.7% | Trades: 88 | W/L: 24/64
  REJECTED: Max Drawdown of -7.7% exceeded -7.0% limit

[Trial #14] TP=0.50%, SL=0.20%, Bars=16 | seq=64, hidden=256, layers=2, heads=8, drop=0.29, lr=0.00033, batch=1024, epochs=27, class_w=4.2
Loading engineered dataset from data_storage\PAXG_USDT_15m_processed.csv...
Dataset: 34245 sequences of length 64, 41 features.
  Val -> AvgROI: -70.1% | WorstFold: -75.2% | Sharpe: -14.66 | MaxDD: -6.2% | Trades: 89 | W/L: 28/61

[Trial #15] TP=0.50%, SL=0.20%, Bars=16 | seq=64, hidden=128, layers=3, heads=2, drop=0.25, lr=0.00036, batch=1024, epochs=29, class_w=4.4
Loading engineered dataset from data_storage\PAXG_USDT_15m_processed.csv...
Dataset: 34245 sequences of length 64, 41 features.
  Val -> AvgROI: -59.4% | WorstFold: -88.1% | Sharpe: -12.89 | MaxDD: -7.8% | Trades: 77 | W/L: 26/51
  REJECTED: Max Drawdown of -7.8% exceeded -7.0% limit

[Trial #16] TP=0.50%, SL=0.20%, Bars=16 | seq=64, hidden=256, layers=2, heads=8, drop=0.11, lr=0.00075, batch=1024, epochs=27, class_w=4.3
Loading engineered dataset from data_storage\PAXG_USDT_15m_processed.csv...
Dataset: 34245 sequences of length 64, 41 features.
  Val -> AvgROI: -71.3% | WorstFold: -95.2% | Sharpe: -15.58 | MaxDD: -11.9% | Trades: 124 | W/L: 43/81
  REJECTED: Max Drawdown of -11.9% exceeded -7.0% limit

[Trial #17] TP=0.50%, SL=0.20%, Bars=16 | seq=64, hidden=256, layers=3, heads=8, drop=0.17, lr=0.00031, batch=1024, epochs=20, class_w=3.2
Loading engineered dataset from data_storage\PAXG_USDT_15m_processed.csv...
Dataset: 34245 sequences of length 64, 41 features.
  Val -> AvgROI: -74.6% | WorstFold: -98.0% | Sharpe: -20.59 | MaxDD: -13.5% | Trades: 111 | W/L: 30/81
  REJECTED: Max Drawdown of -13.5% exceeded -7.0% limit

[Trial #18] TP=0.50%, SL=0.20%, Bars=16 | seq=64, hidden=128, layers=2, heads=4, drop=0.33, lr=0.00015, batch=1024, epochs=30, class_w=4.0
Loading engineered dataset from data_storage\PAXG_USDT_15m_processed.csv...
Dataset: 34245 sequences of length 64, 41 features.
  Val -> AvgROI: -81.6% | WorstFold: -89.1% | Sharpe: -17.92 | MaxDD: -8.9% | Trades: 111 | W/L: 32/79
  REJECTED: Max Drawdown of -8.9% exceeded -7.0% limit

[Trial #19] TP=0.50%, SL=0.20%, Bars=16 | seq=32, hidden=64, layers=1, heads=2, drop=0.27, lr=0.00061, batch=2048, epochs=12, class_w=5.7
Loading engineered dataset from data_storage\PAXG_USDT_15m_processed.csv...
Dataset: 34277 sequences of length 32, 41 features.
  Val -> AvgROI: -80.6% | WorstFold: -94.2% | Sharpe: -16.77 | MaxDD: -11.7% | Trades: 141 | W/L: 47/94
  REJECTED: Max Drawdown of -11.7% exceeded -7.0% limit

[Trial #20] TP=0.50%, SL=0.20%, Bars=16 | seq=128, hidden=256, layers=2, heads=8, drop=0.20, lr=0.00254, batch=2048, epochs=26, class_w=4.6
Loading engineered dataset from data_storage\PAXG_USDT_15m_processed.csv...
Dataset: 34181 sequences of length 128, 41 features.
  Val -> AvgROI: -75.2% | WorstFold: -94.4% | Sharpe: -16.14 | MaxDD: -10.6% | Trades: 124 | W/L: 41/83
  REJECTED: Max Drawdown of -10.6% exceeded -7.0% limit

[Trial #21] TP=0.50%, SL=0.20%, Bars=16 | seq=48, hidden=256, layers=2, heads=8, drop=0.36, lr=0.00017, batch=4096, epochs=21, class_w=3.6
Loading engineered dataset from data_storage\PAXG_USDT_15m_processed.csv...
Dataset: 34261 sequences of length 48, 41 features.
  Val -> AvgROI: -87.6% | WorstFold: -97.5% | Sharpe: -21.93 | MaxDD: -13.0% | Trades: 156 | W/L: 46/110
  REJECTED: Max Drawdown of -13.0% exceeded -7.0% limit

[Trial #22] TP=0.50%, SL=0.20%, Bars=16 | seq=48, hidden=256, layers=2, heads=8, drop=0.38, lr=0.00024, batch=1024, epochs=25, class_w=4.0
Loading engineered dataset from data_storage\PAXG_USDT_15m_processed.csv...
Dataset: 34261 sequences of length 48, 41 features.
  Val -> AvgROI: -75.2% | WorstFold: -83.1% | Sharpe: -14.89 | MaxDD: -7.5% | Trades: 109 | W/L: 37/72
  REJECTED: Max Drawdown of -7.5% exceeded -7.0% limit

[Trial #23] TP=0.50%, SL=0.20%, Bars=16 | seq=48, hidden=256, layers=2, heads=8, drop=0.34, lr=0.00010, batch=4096, epochs=22, class_w=2.5
Loading engineered dataset from data_storage\PAXG_USDT_15m_processed.csv...
Dataset: 34261 sequences of length 48, 41 features.

[Trial #24] TP=0.50%, SL=0.20%, Bars=16 | seq=96, hidden=256, layers=2, heads=8, drop=0.43, lr=0.00028, batch=4096, epochs=18, class_w=3.1
Loading engineered dataset from data_storage\PAXG_USDT_15m_processed.csv...
Dataset: 34213 sequences of length 96, 41 features.
  Val -> AvgROI: -80.7% | WorstFold: -90.0% | Sharpe: -19.71 | MaxDD: -8.1% | Trades: 103 | W/L: 27/76
  REJECTED: Max Drawdown of -8.1% exceeded -7.0% limit

[Trial #25] TP=0.50%, SL=0.20%, Bars=16 | seq=64, hidden=128, layers=1, heads=8, drop=0.22, lr=0.00045, batch=2048, epochs=31, class_w=3.8
Loading engineered dataset from data_storage\PAXG_USDT_15m_processed.csv...
Dataset: 34245 sequences of length 64, 41 features.
  Val -> AvgROI: -52.0% | WorstFold: -71.1% | Sharpe: -8.91 | MaxDD: -4.7% | Trades: 96 | W/L: 40/56

[Trial #26] TP=0.50%, SL=0.20%, Bars=16 | seq=64, hidden=128, layers=1, heads=8, drop=0.23, lr=0.00050, batch=2048, epochs=31, class_w=4.8
Loading engineered dataset from data_storage\PAXG_USDT_15m_processed.csv...
Dataset: 34245 sequences of length 64, 41 features.
  Val -> AvgROI: -72.4% | WorstFold: -85.6% | Sharpe: -13.50 | MaxDD: -8.4% | Trades: 113 | W/L: 38/75
  REJECTED: Max Drawdown of -8.4% exceeded -7.0% limit

[Trial #27] TP=0.50%, SL=0.20%, Bars=16 | seq=64, hidden=128, layers=1, heads=8, drop=0.15, lr=0.00098, batch=2048, epochs=31, class_w=2.8
Loading engineered dataset from data_storage\PAXG_USDT_15m_processed.csv...
Dataset: 34245 sequences of length 64, 41 features.
  Val -> AvgROI: -56.8% | WorstFold: -69.1% | Sharpe: -10.23 | MaxDD: -5.1% | Trades: 86 | W/L: 35/51

[Trial #28] TP=0.50%, SL=0.20%, Bars=16 | seq=64, hidden=128, layers=1, heads=2, drop=0.15, lr=0.00112, batch=2048, epochs=31, class_w=2.7
Loading engineered dataset from data_storage\PAXG_USDT_15m_processed.csv...
Dataset: 34245 sequences of length 64, 41 features.
  Val -> AvgROI: -67.4% | WorstFold: -87.5% | Sharpe: -11.29 | MaxDD: -8.7% | Trades: 136 | W/L: 54/82
  REJECTED: Max Drawdown of -8.7% exceeded -7.0% limit

[Trial #29] TP=0.50%, SL=0.20%, Bars=16 | seq=64, hidden=128, layers=1, heads=4, drop=0.19, lr=0.00097, batch=2048, epochs=35, class_w=2.0
Loading engineered dataset from data_storage\PAXG_USDT_15m_processed.csv...
Dataset: 34245 sequences of length 64, 41 features.

[Trial #30] TP=0.50%, SL=0.20%, Bars=16 | seq=64, hidden=128, layers=1, heads=8, drop=0.13, lr=0.00295, batch=2048, epochs=32, class_w=3.3
Loading engineered dataset from data_storage\PAXG_USDT_15m_processed.csv...
Dataset: 34245 sequences of length 64, 41 features.
  Val -> AvgROI: -69.0% | WorstFold: -83.6% | Sharpe: -12.68 | MaxDD: -7.0% | Trades: 108 | W/L: 38/70

[Trial #31] TP=0.50%, SL=0.20%, Bars=16 | seq=64, hidden=128, layers=1, heads=8, drop=0.13, lr=0.00275, batch=2048, epochs=32, class_w=3.5
Loading engineered dataset from data_storage\PAXG_USDT_15m_processed.csv...
Dataset: 34245 sequences of length 64, 41 features.
  Val -> AvgROI: -42.6% | WorstFold: -75.5% | Sharpe: -7.65 | MaxDD: -5.9% | Trades: 98 | W/L: 42/56

[Trial #32] TP=0.50%, SL=0.20%, Bars=16 | seq=64, hidden=128, layers=1, heads=8, drop=0.14, lr=0.00191, batch=2048, epochs=29, class_w=2.8
Loading engineered dataset from data_storage\PAXG_USDT_15m_processed.csv...
Dataset: 34245 sequences of length 64, 41 features.
  Val -> AvgROI: -56.9% | WorstFold: -64.1% | Sharpe: -8.91 | MaxDD: -4.3% | Trades: 96 | W/L: 38/58

[Trial #33] TP=0.50%, SL=0.20%, Bars=16 | seq=64, hidden=128, layers=1, heads=8, drop=0.14, lr=0.00204, batch=2048, epochs=29, class_w=2.7
Loading engineered dataset from data_storage\PAXG_USDT_15m_processed.csv...
Dataset: 34245 sequences of length 64, 41 features.
  Val -> AvgROI: -69.2% | WorstFold: -95.1% | Sharpe: -15.93 | MaxDD: -12.3% | Trades: 108 | W/L: 35/73
  REJECTED: Max Drawdown of -12.3% exceeded -7.0% limit

[Trial #34] TP=0.50%, SL=0.20%, Bars=16 | seq=64, hidden=128, layers=1, heads=8, drop=0.19, lr=0.00166, batch=2048, epochs=35, class_w=3.5
Loading engineered dataset from data_storage\PAXG_USDT_15m_processed.csv...
Dataset: 34245 sequences of length 64, 41 features.
  Val -> AvgROI: -61.2% | WorstFold: -78.7% | Sharpe: -11.13 | MaxDD: -5.5% | Trades: 98 | W/L: 37/61

[Trial #35] TP=0.50%, SL=0.20%, Bars=16 | seq=64, hidden=128, layers=1, heads=4, drop=0.10, lr=0.00228, batch=2048, epochs=32, class_w=2.7
Loading engineered dataset from data_storage\PAXG_USDT_15m_processed.csv...
Dataset: 34245 sequences of length 64, 41 features.
  Val -> AvgROI: -57.0% | WorstFold: -71.6% | Sharpe: -9.52 | MaxDD: -4.8% | Trades: 101 | W/L: 41/60

[Trial #36] TP=0.50%, SL=0.20%, Bars=16 | seq=64, hidden=64, layers=1, heads=8, drop=0.22, lr=0.00134, batch=2048, epochs=29, class_w=3.2
Loading engineered dataset from data_storage\PAXG_USDT_15m_processed.csv...
Dataset: 34245 sequences of length 64, 41 features.
  Val -> AvgROI: -67.9% | WorstFold: -87.0% | Sharpe: -13.96 | MaxDD: -8.0% | Trades: 98 | W/L: 33/65
  REJECTED: Max Drawdown of -8.0% exceeded -7.0% limit

[Trial #37] TP=0.50%, SL=0.20%, Bars=16 | seq=32, hidden=128, layers=1, heads=8, drop=0.16, lr=0.00161, batch=2048, epochs=33, class_w=2.2
Loading engineered dataset from data_storage\PAXG_USDT_15m_processed.csv...
Dataset: 34277 sequences of length 32, 41 features.

[Trial #38] TP=0.50%, SL=0.20%, Bars=16 | seq=128, hidden=128, layers=1, heads=4, drop=0.13, lr=0.00111, batch=2048, epochs=31, class_w=3.8
Loading engineered dataset from data_storage\PAXG_USDT_15m_processed.csv...
Dataset: 34181 sequences of length 128, 41 features.
  Val -> AvgROI: -28.6% | WorstFold: -89.1% | Sharpe: -9.14 | MaxDD: -7.8% | Trades: 87 | W/L: 36/51
  REJECTED: Max Drawdown of -7.8% exceeded -7.0% limit

[Trial #39] TP=0.50%, SL=0.20%, Bars=16 | seq=96, hidden=128, layers=1, heads=8, drop=0.21, lr=0.00293, batch=2048, epochs=34, class_w=2.6
Loading engineered dataset from data_storage\PAXG_USDT_15m_processed.csv...
Dataset: 34213 sequences of length 96, 41 features.
  Val -> AvgROI: -50.1% | WorstFold: -77.0% | Sharpe: -10.14 | MaxDD: -5.3% | Trades: 86 | W/L: 34/52

[Trial #40] TP=0.50%, SL=0.20%, Bars=16 | seq=96, hidden=64, layers=1, heads=2, drop=0.26, lr=0.00045, batch=2048, epochs=34, class_w=2.4
Loading engineered dataset from data_storage\PAXG_USDT_15m_processed.csv...
Dataset: 34213 sequences of length 96, 41 features.
  Val -> AvgROI: -60.9% | WorstFold: -80.6% | Sharpe: -12.47 | MaxDD: -6.7% | Trades: 82 | W/L: 30/52

[Trial #41] TP=0.50%, SL=0.20%, Bars=16 | seq=96, hidden=128, layers=1, heads=8, drop=0.19, lr=0.00296, batch=2048, epochs=34, class_w=2.9
Loading engineered dataset from data_storage\PAXG_USDT_15m_processed.csv...
Dataset: 34213 sequences of length 96, 41 features.
  Val -> AvgROI: -66.7% | WorstFold: -77.8% | Sharpe: -14.37 | MaxDD: -5.9% | Trades: 81 | W/L: 25/56

[Trial #42] TP=0.50%, SL=0.20%, Bars=16 | seq=96, hidden=128, layers=1, heads=8, drop=0.21, lr=0.00246, batch=2048, epochs=32, class_w=2.6
Loading engineered dataset from data_storage\PAXG_USDT_15m_processed.csv...
Dataset: 34213 sequences of length 96, 41 features.
  Val -> AvgROI: -60.2% | WorstFold: -63.3% | Sharpe: -10.67 | MaxDD: -4.8% | Trades: 85 | W/L: 31/54

[Trial #43] TP=0.50%, SL=0.20%, Bars=16 | seq=96, hidden=128, layers=1, heads=8, drop=0.17, lr=0.00195, batch=2048, epochs=30, class_w=2.2
Loading engineered dataset from data_storage\PAXG_USDT_15m_processed.csv...
Dataset: 34213 sequences of length 96, 41 features.
  Val -> AvgROI: -70.0% | WorstFold: -93.2% | Sharpe: -15.27 | MaxDD: -9.6% | Trades: 108 | W/L: 34/74
  REJECTED: Max Drawdown of -9.6% exceeded -7.0% limit

[Trial #44] TP=0.50%, SL=0.20%, Bars=16 | seq=64, hidden=128, layers=1, heads=8, drop=0.14, lr=0.00064, batch=2048, epochs=28, class_w=3.3
Loading engineered dataset from data_storage\PAXG_USDT_15m_processed.csv...
Dataset: 34245 sequences of length 64, 41 features.
  Val -> AvgROI: -77.0% | WorstFold: -88.5% | Sharpe: -14.52 | MaxDD: -9.0% | Trades: 134 | W/L: 45/89
  REJECTED: Max Drawdown of -9.0% exceeded -7.0% limit

[Trial #45] TP=0.50%, SL=0.20%, Bars=16 | seq=64, hidden=128, layers=1, heads=8, drop=0.13, lr=0.00165, batch=2048, epochs=33, class_w=3.7
Loading engineered dataset from data_storage\PAXG_USDT_15m_processed.csv...
Dataset: 34245 sequences of length 64, 41 features.
  Val -> AvgROI: -56.1% | WorstFold: -84.9% | Sharpe: -9.87 | MaxDD: -8.1% | Trades: 97 | W/L: 38/59
  REJECTED: Max Drawdown of -8.1% exceeded -7.0% limit

[Trial #46] TP=0.50%, SL=0.20%, Bars=16 | seq=128, hidden=128, layers=1, heads=8, drop=0.16, lr=0.00222, batch=2048, epochs=35, class_w=3.0
Loading engineered dataset from data_storage\PAXG_USDT_15m_processed.csv...
Dataset: 34181 sequences of length 128, 41 features.
  Val -> AvgROI: -42.0% | WorstFold: -44.5% | Sharpe: -7.16 | MaxDD: -2.7% | Trades: 69 | W/L: 27/42

[Trial #47] TP=0.50%, SL=0.20%, Bars=16 | seq=128, hidden=128, layers=1, heads=8, drop=0.21, lr=0.00231, batch=2048, epochs=35, class_w=3.0
Loading engineered dataset from data_storage\PAXG_USDT_15m_processed.csv...
Dataset: 34181 sequences of length 128, 41 features.
  Val -> AvgROI: -69.4% | WorstFold: -88.8% | Sharpe: -15.51 | MaxDD: -7.7% | Trades: 95 | W/L: 30/65
  REJECTED: Max Drawdown of -7.7% exceeded -7.0% limit

[Trial #48] TP=0.50%, SL=0.20%, Bars=16 | seq=128, hidden=128, layers=1, heads=8, drop=0.24, lr=0.00133, batch=2048, epochs=33, class_w=3.5
Loading engineered dataset from data_storage\PAXG_USDT_15m_processed.csv...
Dataset: 34181 sequences of length 128, 41 features.
  Val -> AvgROI: -64.7% | WorstFold: -79.5% | Sharpe: -13.36 | MaxDD: -6.2% | Trades: 95 | W/L: 35/60

[Trial #49] TP=0.50%, SL=0.20%, Bars=16 | seq=128, hidden=64, layers=1, heads=8, drop=0.18, lr=0.00084, batch=2048, epochs=34, class_w=3.8
Loading engineered dataset from data_storage\PAXG_USDT_15m_processed.csv...
Dataset: 34181 sequences of length 128, 41 features.
  Val -> AvgROI: -60.7% | WorstFold: -88.5% | Sharpe: -12.05 | MaxDD: -7.6% | Trades: 101 | W/L: 35/66
  REJECTED: Max Drawdown of -7.6% exceeded -7.0% limit

[Trial #50] TP=0.50%, SL=0.20%, Bars=16 | seq=128, hidden=128, layers=1, heads=2, drop=0.12, lr=0.00267, batch=2048, epochs=35, class_w=2.6
Loading engineered dataset from data_storage\PAXG_USDT_15m_processed.csv...
Dataset: 34181 sequences of length 128, 41 features.
  Val -> AvgROI: -30.8% | WorstFold: -60.6% | Sharpe: -5.36 | MaxDD: -3.6% | Trades: 80 | W/L: 39/41

[Trial #51] TP=0.50%, SL=0.20%, Bars=16 | seq=128, hidden=128, layers=1, heads=2, drop=0.16, lr=0.00266, batch=2048, epochs=35, class_w=2.6
Loading engineered dataset from data_storage\PAXG_USDT_15m_processed.csv...
Dataset: 34181 sequences of length 128, 41 features.
  Val -> AvgROI: -36.9% | WorstFold: -42.1% | Sharpe: -6.04 | MaxDD: -2.5% | Trades: 60 | W/L: 26/34

[Trial #52] TP=0.50%, SL=0.20%, Bars=16 | seq=128, hidden=128, layers=1, heads=2, drop=0.12, lr=0.00268, batch=2048, epochs=35, class_w=2.6
Loading engineered dataset from data_storage\PAXG_USDT_15m_processed.csv...
Dataset: 34181 sequences of length 128, 41 features.
  Val -> AvgROI: -58.1% | WorstFold: -81.9% | Sharpe: -12.24 | MaxDD: -6.6% | Trades: 86 | W/L: 30/56

[Trial #53] TP=0.50%, SL=0.20%, Bars=16 | seq=128, hidden=128, layers=1, heads=2, drop=0.16, lr=0.00216, batch=2048, epochs=34, class_w=2.3
Loading engineered dataset from data_storage\PAXG_USDT_15m_processed.csv...
Dataset: 34181 sequences of length 128, 41 features.
  Val -> AvgROI: -57.6% | WorstFold: -93.3% | Sharpe: -14.26 | MaxDD: -10.8% | Trades: 86 | W/L: 27/59
  REJECTED: Max Drawdown of -10.8% exceeded -7.0% limit

[Trial #54] TP=0.50%, SL=0.20%, Bars=16 | seq=128, hidden=128, layers=1, heads=2, drop=0.12, lr=0.00269, batch=2048, epochs=32, class_w=2.9
Loading engineered dataset from data_storage\PAXG_USDT_15m_processed.csv...
Dataset: 34181 sequences of length 128, 41 features.
  Val -> AvgROI: -45.2% | WorstFold: -94.8% | Sharpe: -13.38 | MaxDD: -11.0% | Trades: 96 | W/L: 36/60
  REJECTED: Max Drawdown of -11.0% exceeded -7.0% limit

[Trial #55] TP=0.50%, SL=0.20%, Bars=16 | seq=128, hidden=128, layers=1, heads=2, drop=0.16, lr=0.00043, batch=2048, epochs=35, class_w=2.6
Loading engineered dataset from data_storage\PAXG_USDT_15m_processed.csv...
Dataset: 34181 sequences of length 128, 41 features.
  Val -> AvgROI: -46.3% | WorstFold: -83.5% | Sharpe: -8.61 | MaxDD: -6.7% | Trades: 95 | W/L: 40/55

[Trial #56] TP=0.50%, SL=0.20%, Bars=16 | seq=128, hidden=128, layers=1, heads=2, drop=0.17, lr=0.00291, batch=2048, epochs=35, class_w=2.5
Loading engineered dataset from data_storage\PAXG_USDT_15m_processed.csv...
Dataset: 34181 sequences of length 128, 41 features.
  Val -> AvgROI: -45.6% | WorstFold: -65.6% | Sharpe: -7.63 | MaxDD: -3.8% | Trades: 99 | W/L: 42/57

[Trial #57] TP=0.50%, SL=0.20%, Bars=16 | seq=128, hidden=128, layers=1, heads=2, drop=0.10, lr=0.00176, batch=2048, epochs=35, class_w=2.1
Loading engineered dataset from data_storage\PAXG_USDT_15m_processed.csv...
Dataset: 34181 sequences of length 128, 41 features.
  Val -> AvgROI: -62.8% | WorstFold: -84.8% | Sharpe: -14.62 | MaxDD: -6.7% | Trades: 73 | W/L: 24/49

[Trial #58] TP=0.50%, SL=0.20%, Bars=16 | seq=128, hidden=128, layers=1, heads=2, drop=0.16, lr=0.00218, batch=1024, epochs=33, class_w=2.4
Loading engineered dataset from data_storage\PAXG_USDT_15m_processed.csv...
Dataset: 34181 sequences of length 128, 41 features.
  Val -> AvgROI: -49.9% | WorstFold: -78.1% | Sharpe: -9.07 | MaxDD: -5.7% | Trades: 94 | W/L: 39/55

[Trial #59] TP=0.50%, SL=0.20%, Bars=16 | seq=128, hidden=64, layers=1, heads=2, drop=0.47, lr=0.00252, batch=4096, epochs=35, class_w=3.0
Loading engineered dataset from data_storage\PAXG_USDT_15m_processed.csv...
Dataset: 34181 sequences of length 128, 41 features.
  Val -> AvgROI: -78.1% | WorstFold: -91.1% | Sharpe: -15.92 | MaxDD: -8.5% | Trades: 130 | W/L: 43/87
  REJECTED: Max Drawdown of -8.5% exceeded -7.0% limit

[Trial #60] TP=0.50%, SL=0.20%, Bars=16 | seq=128, hidden=128, layers=3, heads=2, drop=0.19, lr=0.00148, batch=2048, epochs=34, class_w=3.3
Loading engineered dataset from data_storage\PAXG_USDT_15m_processed.csv...
Dataset: 34181 sequences of length 128, 41 features.
  Val -> AvgROI: -69.7% | WorstFold: -97.8% | Sharpe: -15.84 | MaxDD: -13.0% | Trades: 130 | W/L: 43/87
  REJECTED: Max Drawdown of -13.0% exceeded -7.0% limit

[Trial #61] TP=0.50%, SL=0.20%, Bars=16 | seq=128, hidden=128, layers=1, heads=2, drop=0.16, lr=0.00213, batch=1024, epochs=33, class_w=2.4
Loading engineered dataset from data_storage\PAXG_USDT_15m_processed.csv...
Dataset: 34181 sequences of length 128, 41 features.
  Val -> AvgROI: -48.0% | WorstFold: -90.9% | Sharpe: -9.88 | MaxDD: -9.2% | Trades: 95 | W/L: 39/56
  REJECTED: Max Drawdown of -9.2% exceeded -7.0% limit

[Trial #62] TP=0.50%, SL=0.20%, Bars=16 | seq=128, hidden=128, layers=1, heads=2, drop=0.15, lr=0.00239, batch=1024, epochs=33, class_w=2.3
Loading engineered dataset from data_storage\PAXG_USDT_15m_processed.csv...
Dataset: 34181 sequences of length 128, 41 features.
  Val -> AvgROI: -49.4% | WorstFold: -71.5% | Sharpe: -12.33 | MaxDD: -4.5% | Trades: 75 | W/L: 30/45

[Trial #63] TP=0.50%, SL=0.20%, Bars=16 | seq=128, hidden=128, layers=1, heads=2, drop=0.17, lr=0.00275, batch=1024, epochs=35, class_w=2.6
Loading engineered dataset from data_storage\PAXG_USDT_15m_processed.csv...
Dataset: 34181 sequences of length 128, 41 features.
  Val -> AvgROI: -62.0% | WorstFold: -85.2% | Sharpe: -18.91 | MaxDD: -6.8% | Trades: 65 | W/L: 20/45

[Trial #64] TP=0.50%, SL=0.20%, Bars=16 | seq=128, hidden=128, layers=1, heads=2, drop=0.15, lr=0.00239, batch=1024, epochs=32, class_w=2.1
Loading engineered dataset from data_storage\PAXG_USDT_15m_processed.csv...
Dataset: 34181 sequences of length 128, 41 features.
  Val -> AvgROI: -40.5% | WorstFold: -94.9% | Sharpe: -11.74 | MaxDD: -10.6% | Trades: 97 | W/L: 36/61
  REJECTED: Max Drawdown of -10.6% exceeded -7.0% limit

[Trial #65] TP=0.50%, SL=0.20%, Bars=16 | seq=128, hidden=128, layers=1, heads=2, drop=0.12, lr=0.00183, batch=1024, epochs=34, class_w=2.3
Loading engineered dataset from data_storage\PAXG_USDT_15m_processed.csv...
Dataset: 34181 sequences of length 128, 41 features.
  Val -> AvgROI: -69.5% | WorstFold: -87.0% | Sharpe: -13.26 | MaxDD: -7.7% | Trades: 103 | W/L: 37/66
  REJECTED: Max Drawdown of -7.7% exceeded -7.0% limit

[Trial #66] TP=0.50%, SL=0.20%, Bars=16 | seq=128, hidden=128, layers=1, heads=2, drop=0.14, lr=0.00251, batch=1024, epochs=15, class_w=2.6
Loading engineered dataset from data_storage\PAXG_USDT_15m_processed.csv...
Dataset: 34181 sequences of length 128, 41 features.
  Val -> AvgROI: -50.3% | WorstFold: -60.2% | Sharpe: -9.26 | MaxDD: -3.6% | Trades: 65 | W/L: 24/41

[Trial #67] TP=0.50%, SL=0.20%, Bars=16 | seq=32, hidden=128, layers=1, heads=2, drop=0.11, lr=0.00038, batch=4096, epochs=33, class_w=2.9
Loading engineered dataset from data_storage\PAXG_USDT_15m_processed.csv...
Dataset: 34277 sequences of length 32, 41 features.
  Val -> AvgROI: -78.6% | WorstFold: -87.5% | Sharpe: -14.76 | MaxDD: -7.7% | Trades: 146 | W/L: 54/92
  REJECTED: Max Drawdown of -7.7% exceeded -7.0% limit

[Trial #68] TP=0.50%, SL=0.20%, Bars=16 | seq=128, hidden=128, layers=1, heads=2, drop=0.18, lr=0.00189, batch=2048, epochs=35, class_w=3.1
Loading engineered dataset from data_storage\PAXG_USDT_15m_processed.csv...
Dataset: 34181 sequences of length 128, 41 features.
  Val -> AvgROI: -72.2% | WorstFold: -79.0% | Sharpe: -14.92 | MaxDD: -5.6% | Trades: 96 | W/L: 32/64

[Trial #69] TP=0.50%, SL=0.20%, Bars=16 | seq=128, hidden=128, layers=1, heads=2, drop=0.20, lr=0.00148, batch=2048, epochs=30, class_w=2.5
Loading engineered dataset from data_storage\PAXG_USDT_15m_processed.csv...
Dataset: 34181 sequences of length 128, 41 features.
  Val -> AvgROI: -50.9% | WorstFold: -64.6% | Sharpe: -9.38 | MaxDD: -4.0% | Trades: 75 | W/L: 28/47

[Trial #70] TP=0.50%, SL=0.20%, Bars=16 | seq=128, hidden=128, layers=1, heads=2, drop=0.15, lr=0.00268, batch=2048, epochs=32, class_w=2.8
Loading engineered dataset from data_storage\PAXG_USDT_15m_processed.csv...
Dataset: 34181 sequences of length 128, 41 features.
  Val -> AvgROI: -41.1% | WorstFold: -57.2% | Sharpe: -6.47 | MaxDD: -3.3% | Trades: 84 | W/L: 39/45

[Trial #71] TP=0.50%, SL=0.20%, Bars=16 | seq=128, hidden=128, layers=1, heads=2, drop=0.15, lr=0.00297, batch=2048, epochs=32, class_w=2.9
Loading engineered dataset from data_storage\PAXG_USDT_15m_processed.csv...
Dataset: 34181 sequences of length 128, 41 features.
  Val -> AvgROI: -69.3% | WorstFold: -78.4% | Sharpe: -13.39 | MaxDD: -5.5% | Trades: 97 | W/L: 34/63

[Trial #72] TP=0.50%, SL=0.20%, Bars=16 | seq=128, hidden=128, layers=1, heads=2, drop=0.13, lr=0.00264, batch=2048, epochs=33, class_w=2.5
Loading engineered dataset from data_storage\PAXG_USDT_15m_processed.csv...
Dataset: 34181 sequences of length 128, 41 features.
  Val -> AvgROI: -64.9% | WorstFold: -79.0% | Sharpe: -12.95 | MaxDD: -5.8% | Trades: 91 | W/L: 31/60

[Trial #73] TP=0.50%, SL=0.20%, Bars=16 | seq=128, hidden=128, layers=1, heads=2, drop=0.17, lr=0.00231, batch=2048, epochs=30, class_w=2.7
Loading engineered dataset from data_storage\PAXG_USDT_15m_processed.csv...
Dataset: 34181 sequences of length 128, 41 features.
  Val -> AvgROI: -61.9% | WorstFold: -87.9% | Sharpe: -12.39 | MaxDD: -8.3% | Trades: 98 | W/L: 35/63
  REJECTED: Max Drawdown of -8.3% exceeded -7.0% limit

[Trial #74] TP=0.50%, SL=0.20%, Bars=16 | seq=128, hidden=128, layers=1, heads=2, drop=0.15, lr=0.00207, batch=2048, epochs=35, class_w=2.8
Loading engineered dataset from data_storage\PAXG_USDT_15m_processed.csv...
Dataset: 34181 sequences of length 128, 41 features.
  Val -> AvgROI: -66.9% | WorstFold: -87.5% | Sharpe: -13.29 | MaxDD: -7.6% | Trades: 95 | W/L: 34/61
  REJECTED: Max Drawdown of -7.6% exceeded -7.0% limit

[Trial #75] TP=0.50%, SL=0.20%, Bars=16 | seq=128, hidden=128, layers=1, heads=2, drop=0.12, lr=0.00056, batch=2048, epochs=34, class_w=2.3
Loading engineered dataset from data_storage\PAXG_USDT_15m_processed.csv...
Dataset: 34181 sequences of length 128, 41 features.
  Val -> AvgROI: -61.2% | WorstFold: -79.0% | Sharpe: -12.17 | MaxDD: -6.3% | Trades: 80 | W/L: 26/54

[Trial #76] TP=0.50%, SL=0.20%, Bars=16 | seq=32, hidden=128, layers=1, heads=4, drop=0.14, lr=0.00275, batch=2048, epochs=31, class_w=5.4
Loading engineered dataset from data_storage\PAXG_USDT_15m_processed.csv...
Dataset: 34277 sequences of length 32, 41 features.
  Val -> AvgROI: -76.0% | WorstFold: -94.1% | Sharpe: -15.67 | MaxDD: -10.4% | Trades: 126 | W/L: 43/83
  REJECTED: Max Drawdown of -10.4% exceeded -7.0% limit

[Trial #77] TP=0.50%, SL=0.20%, Bars=16 | seq=128, hidden=128, layers=1, heads=2, drop=0.17, lr=0.00236, batch=1024, epochs=25, class_w=2.1
Loading engineered dataset from data_storage\PAXG_USDT_15m_processed.csv...
Dataset: 34181 sequences of length 128, 41 features.
  Val -> AvgROI: -59.6% | WorstFold: -98.6% | Sharpe: -17.15 | MaxDD: -14.8% | Trades: 112 | W/L: 34/78
  REJECTED: Max Drawdown of -14.8% exceeded -7.0% limit

[Trial #78] TP=0.50%, SL=0.20%, Bars=16 | seq=48, hidden=64, layers=2, heads=2, drop=0.11, lr=0.00203, batch=2048, epochs=34, class_w=2.7
Loading engineered dataset from data_storage\PAXG_USDT_15m_processed.csv...
Dataset: 34261 sequences of length 48, 41 features.
  Val -> AvgROI: -77.6% | WorstFold: -89.8% | Sharpe: -14.68 | MaxDD: -8.8% | Trades: 128 | W/L: 46/82
  REJECTED: Max Drawdown of -8.8% exceeded -7.0% limit

[Trial #79] TP=0.50%, SL=0.20%, Bars=16 | seq=128, hidden=256, layers=1, heads=2, drop=0.15, lr=0.00027, batch=4096, epochs=32, class_w=3.2
Loading engineered dataset from data_storage\PAXG_USDT_15m_processed.csv...
Dataset: 34181 sequences of length 128, 41 features.
  Val -> AvgROI: -80.3% | WorstFold: -89.9% | Sharpe: -18.09 | MaxDD: -8.1% | Trades: 128 | W/L: 38/90
  REJECTED: Max Drawdown of -8.1% exceeded -7.0% limit

[Trial #80] TP=0.50%, SL=0.20%, Bars=16 | seq=128, hidden=128, layers=1, heads=2, drop=0.19, lr=0.00298, batch=2048, epochs=33, class_w=3.0
Loading engineered dataset from data_storage\PAXG_USDT_15m_processed.csv...
Dataset: 34181 sequences of length 128, 41 features.
  Val -> AvgROI: -67.5% | WorstFold: -77.2% | Sharpe: -12.86 | MaxDD: -5.8% | Trades: 94 | W/L: 33/61

[Trial #81] TP=0.50%, SL=0.20%, Bars=16 | seq=128, hidden=128, layers=1, heads=2, drop=0.16, lr=0.00222, batch=1024, epochs=34, class_w=2.4
Loading engineered dataset from data_storage\PAXG_USDT_15m_processed.csv...
Dataset: 34181 sequences of length 128, 41 features.
  Val -> AvgROI: -46.8% | WorstFold: -78.9% | Sharpe: -10.02 | MaxDD: -5.8% | Trades: 74 | W/L: 29/45

[Trial #82] TP=0.50%, SL=0.20%, Bars=16 | seq=128, hidden=128, layers=1, heads=2, drop=0.17, lr=0.00253, batch=1024, epochs=35, class_w=2.5
Loading engineered dataset from data_storage\PAXG_USDT_15m_processed.csv...
Dataset: 34181 sequences of length 128, 41 features.
  Val -> AvgROI: -66.3% | WorstFold: -92.7% | Sharpe: -19.33 | MaxDD: -9.2% | Trades: 84 | W/L: 24/60
  REJECTED: Max Drawdown of -9.2% exceeded -7.0% limit

[Trial #83] TP=0.50%, SL=0.20%, Bars=16 | seq=128, hidden=128, layers=1, heads=2, drop=0.14, lr=0.00039, batch=1024, epochs=34, class_w=2.8
Loading engineered dataset from data_storage\PAXG_USDT_15m_processed.csv...
Dataset: 34181 sequences of length 128, 41 features.
  Val -> AvgROI: -68.6% | WorstFold: -87.1% | Sharpe: -14.05 | MaxDD: -7.7% | Trades: 90 | W/L: 31/59
  REJECTED: Max Drawdown of -7.7% exceeded -7.0% limit

[Trial #84] TP=0.50%, SL=0.20%, Bars=16 | seq=128, hidden=128, layers=1, heads=4, drop=0.12, lr=0.00175, batch=1024, epochs=10, class_w=2.3
Loading engineered dataset from data_storage\PAXG_USDT_15m_processed.csv...
Dataset: 34181 sequences of length 128, 41 features.
  Val -> AvgROI: -31.7% | WorstFold: -88.6% | Sharpe: -10.61 | MaxDD: -7.6% | Trades: 67 | W/L: 25/42
  REJECTED: Max Drawdown of -7.6% exceeded -7.0% limit

[Trial #85] TP=0.50%, SL=0.20%, Bars=16 | seq=128, hidden=128, layers=1, heads=2, drop=0.18, lr=0.00222, batch=1024, epochs=33, class_w=2.7
Loading engineered dataset from data_storage\PAXG_USDT_15m_processed.csv...
Dataset: 34181 sequences of length 128, 41 features.
